[2026-06-20 16:03] ========== 开始每日同步 ==========
[2026-06-20 16:03] 仓库路径: /workspace
[2026-06-20 16:03] WARNING: Git用户未配置，尝试自动配置...
[2026-06-20 16:03] 执行 git pull origin main...
From https://github.com/ScLee-G/VibeLearn
 * branch            main       -> FETCH_HEAD
Already up to date.
[2026-06-20 16:03] 代码拉取成功
[2026-06-20 16:03] 检查本地修改状态...
[2026-06-20 16:03] 检测到本地修改，准备提交...
[2026-06-20 16:03] 执行 git add .
[2026-06-20 16:03] 执行 git commit -m "Daily sync: 2026-06-20 16:03"
[main 76f2224] Daily sync: 2026-06-20 16:03
 6 files changed, 110 insertions(+)
 create mode 100755 start_sync_daemon.sh
 create mode 100755 stop_sync_daemon.sh
 create mode 100644 sync.log
 create mode 100755 sync_daemon.sh
 create mode 100644 vibelearn-daily-sync.service
 create mode 100644 vibelearn-daily-sync.timer
[2026-06-20 16:03] 提交成功
[2026-06-20 16:03] 执行 git push origin main
To https://github.com/ScLee-G/VibeLearn
   d50198d..76f2224  main -> main
[2026-06-20 16:03] 推送成功
[2026-06-20 16:03] ========== 同步完成 ==========
[2026-06-20 16:03:43] [DAEMON] 守护进程启动
